<?xml version="1.0" encoding="UTF-8" ?>
<testsuite tests="18" failures="0" name="PrimeNumberFinderTest" time="0.267" errors="0" skipped="0">
  <properties>
[...]
</properties>
  <testcase classname="PrimeNumberFinderTest" name="sumofP1" time="0.23"/>
  <testcase classname="PrimeNumberFinderTest" name="compositeCaughtByLoop_iPlus2Branch" time="0"/>
  <testcase classname="PrimeNumberFinderTest" name="divideByTwoIsNotPrime" time="0"/>
  <testcase classname="PrimeNumberFinderTest" name="sumMultiplePrimes_true_multipleAdds" time="0"/>
  <testcase classname="PrimeNumberFinderTest" name="loopRunsMultipleIters_prime" time="0"/>
  <testcase classname="PrimeNumberFinderTest" name="sumprimes_emptyList_falsereturnzero" time="0"/>
  <testcase classname="PrimeNumberFinderTest" name="testFindPrimes1" time="0.024"/>
  <testcase classname="PrimeNumberFinderTest" name="compositeCaughtByLoop_iBranch" time="0.001"/>
  <testcase classname="PrimeNumberFinderTest" name="noLoopEntryStillPrime" time="0"/>
  <testcase classname="PrimeNumberFinderTest" name="instantiateClass" time="0.011"/>
  <testcase classname="PrimeNumberFinderTest" name="testIsPrime1" time="0"/>
  <testcase classname="PrimeNumberFinderTest" name="testIsPrime2" time="0"/>
  <testcase classname="PrimeNumberFinderTest" name="sumsingleprime_falseBranch" time="0"/>
  <testcase classname="PrimeNumberFinderTest" name="divideByThreeIsNotPrime" time="0"/>
  <testcase classname="PrimeNumberFinderTest" name="smallPrimesTrue" time="0"/>
  <testcase classname="PrimeNumberFinderTest" name="loopRunsButRemainsPrime_singleIter" time="0"/>
  <testcase classname="PrimeNumberFinderTest" name="negNumbers" time="0.001"/>
  <testcase classname="PrimeNumberFinderTest" name="sumprimes_true_getFirstElement" time="0"/>
</testsuite>